c:\users\wojnard\documents\zpggameproject\zpgprojectwoj0071\zpgprojectwoj0071\x64\debug\vc143.pdb
c:\users\wojnard\documents\zpggameproject\zpgprojectwoj0071\zpgprojectwoj0071\x64\debug\vc143.idb
c:\users\wojnard\documents\zpggameproject\zpgprojectwoj0071\zpgprojectwoj0071\x64\debug\lightdrawableobject.obj
c:\users\wojnard\documents\zpggameproject\zpgprojectwoj0071\zpgprojectwoj0071\x64\debug\light.obj
c:\users\wojnard\documents\zpggameproject\zpgprojectwoj0071\zpgprojectwoj0071\x64\debug\gift.obj
c:\users\wojnard\documents\zpggameproject\zpgprojectwoj0071\zpgprojectwoj0071\x64\debug\generaterandomposition.obj
c:\users\wojnard\documents\zpggameproject\zpgprojectwoj0071\zpgprojectwoj0071\x64\debug\fourspherescene.obj
c:\users\wojnard\documents\zpggameproject\zpgprojectwoj0071\zpgprojectwoj0071\x64\debug\forestscene.obj
c:\users\wojnard\documents\zpggameproject\zpgprojectwoj0071\zpgprojectwoj0071\x64\debug\eventtype.obj
c:\users\wojnard\documents\zpggameproject\zpgprojectwoj0071\zpgprojectwoj0071\x64\debug\drawableobject.obj
c:\users\wojnard\documents\zpggameproject\zpgprojectwoj0071\zpgprojectwoj0071\x64\debug\directionlight.obj
c:\users\wojnard\documents\zpggameproject\zpgprojectwoj0071\zpgprojectwoj0071\x64\debug\differentspheres.obj
c:\users\wojnard\documents\zpggameproject\zpgprojectwoj0071\zpgprojectwoj0071\x64\debug\controller.obj
c:\users\wojnard\documents\zpggameproject\zpgprojectwoj0071\zpgprojectwoj0071\x64\debug\camera.obj
c:\users\wojnard\documents\zpggameproject\zpgprojectwoj0071\zpgprojectwoj0071\x64\debug\bushes.obj
c:\users\wojnard\documents\zpggameproject\zpgprojectwoj0071\zpgprojectwoj0071\x64\debug\blendermodelintreface.obj
c:\users\wojnard\documents\zpggameproject\zpgprojectwoj0071\zpgprojectwoj0071\x64\debug\blendermodelfactoryinterface.obj
c:\users\wojnard\documents\zpggameproject\zpgprojectwoj0071\zpgprojectwoj0071\x64\debug\blendermodelfactory.obj
c:\users\wojnard\documents\zpggameproject\zpgprojectwoj0071\zpgprojectwoj0071\x64\debug\blendermodel.obj
c:\users\wojnard\documents\zpggameproject\zpgprojectwoj0071\zpgprojectwoj0071\x64\debug\bezierdata.obj
c:\users\wojnard\documents\zpggameproject\zpgprojectwoj0071\zpgprojectwoj0071\x64\debug\appfragmentshader.obj
c:\users\wojnard\documents\zpggameproject\zpgprojectwoj0071\zpgprojectwoj0071\x64\debug\application.obj
c:\users\wojnard\documents\zpggameproject\zpgprojectwoj0071\zpgprojectwoj0071\x64\debug\shaderprogrammanager.obj
c:\users\wojnard\documents\zpggameproject\zpgprojectwoj0071\zpgprojectwoj0071\x64\debug\appvertexshader.obj
c:\users\wojnard\documents\zpggameproject\zpgprojectwoj0071\zpgprojectwoj0071\x64\debug\shaderprogram.obj
c:\users\wojnard\documents\zpggameproject\zpgprojectwoj0071\zpgprojectwoj0071\x64\debug\shaderloader.obj
c:\users\wojnard\documents\zpggameproject\zpgprojectwoj0071\zpgprojectwoj0071\x64\debug\shader.obj
c:\users\wojnard\documents\zpggameproject\zpgprojectwoj0071\zpgprojectwoj0071\x64\debug\scenemanager.obj
c:\users\wojnard\documents\zpggameproject\zpgprojectwoj0071\zpgprojectwoj0071\x64\debug\scenefactory.obj
c:\users\wojnard\documents\zpggameproject\zpgprojectwoj0071\zpgprojectwoj0071\x64\debug\scene.obj
c:\users\wojnard\documents\zpggameproject\zpgprojectwoj0071\zpgprojectwoj0071\x64\debug\reflectorscene.obj
c:\users\wojnard\documents\zpggameproject\zpgprojectwoj0071\zpgprojectwoj0071\x64\debug\pointlight.obj
c:\users\wojnard\documents\zpggameproject\zpgprojectwoj0071\zpgprojectwoj0071\x64\debug\plain.obj
c:\users\wojnard\documents\zpggameproject\zpgprojectwoj0071\zpgprojectwoj0071\x64\debug\observer.obj
c:\users\wojnard\documents\zpggameproject\zpgprojectwoj0071\zpgprojectwoj0071\x64\debug\modelmanager.obj
c:\users\wojnard\documents\zpggameproject\zpgprojectwoj0071\zpgprojectwoj0071\x64\debug\modelbase.obj
c:\users\wojnard\documents\zpggameproject\zpgprojectwoj0071\zpgprojectwoj0071\x64\debug\model.obj
c:\users\wojnard\documents\zpggameproject\zpgprojectwoj0071\zpgprojectwoj0071\x64\debug\material.obj
c:\users\wojnard\documents\zpggameproject\zpgprojectwoj0071\zpgprojectwoj0071\x64\debug\main.obj
c:\users\wojnard\documents\zpggameproject\zpgprojectwoj0071\zpgprojectwoj0071\x64\debug\lightmanager.obj
c:\users\wojnard\documents\zpggameproject\zpgprojectwoj0071\zpgprojectwoj0071\x64\debug\lightinterface.obj
c:\users\wojnard\documents\zpggameproject\zpgprojectwoj0071\zpgprojectwoj0071\x64\debug\lightforestscene.obj
c:\users\wojnard\documents\zpggameproject\zpgprojectwoj0071\zpgprojectwoj0071\x64\debug\trianglescene.obj
c:\users\wojnard\documents\zpggameproject\zpgprojectwoj0071\zpgprojectwoj0071\x64\debug\tree.obj
c:\users\wojnard\documents\zpggameproject\zpgprojectwoj0071\zpgprojectwoj0071\x64\debug\transformation.obj
c:\users\wojnard\documents\zpggameproject\zpgprojectwoj0071\zpgprojectwoj0071\x64\debug\texturemodel.obj
c:\users\wojnard\documents\zpggameproject\zpgprojectwoj0071\zpgprojectwoj0071\x64\debug\texturemanager.obj
c:\users\wojnard\documents\zpggameproject\zpgprojectwoj0071\zpgprojectwoj0071\x64\debug\texturecubemap.obj
c:\users\wojnard\documents\zpggameproject\zpgprojectwoj0071\zpgprojectwoj0071\x64\debug\texturebase.obj
c:\users\wojnard\documents\zpggameproject\zpgprojectwoj0071\zpgprojectwoj0071\x64\debug\texture.obj
c:\users\wojnard\documents\zpggameproject\zpgprojectwoj0071\zpgprojectwoj0071\x64\debug\subject.obj
c:\users\wojnard\documents\zpggameproject\zpgprojectwoj0071\zpgprojectwoj0071\x64\debug\spotlight.obj
c:\users\wojnard\documents\zpggameproject\zpgprojectwoj0071\zpgprojectwoj0071\x64\debug\sphere.obj
c:\users\wojnard\documents\zpggameproject\zpgprojectwoj0071\zpgprojectwoj0071\x64\debug\skycubetexturemodel.obj
c:\users\wojnard\documents\zpggameproject\zpgprojectwoj0071\zpgprojectwoj0071\x64\debug\skycubescene.obj
c:\users\wojnard\documents\zpggameproject\zpgprojectwoj0071\x64\debug\zpgprojectwoj0071.exe
c:\users\wojnard\documents\zpggameproject\zpgprojectwoj0071\x64\debug\zpgprojectwoj0071.pdb
c:\users\wojnard\documents\zpggameproject\zpgprojectwoj0071\zpgprojectwoj0071\x64\debug\zpgproje.1e99e8ed.tlog\cl.command.1.tlog
c:\users\wojnard\documents\zpggameproject\zpgprojectwoj0071\zpgprojectwoj0071\x64\debug\zpgproje.1e99e8ed.tlog\cl.items.tlog
c:\users\wojnard\documents\zpggameproject\zpgprojectwoj0071\zpgprojectwoj0071\x64\debug\zpgproje.1e99e8ed.tlog\cl.read.1.tlog
c:\users\wojnard\documents\zpggameproject\zpgprojectwoj0071\zpgprojectwoj0071\x64\debug\zpgproje.1e99e8ed.tlog\cl.write.1.tlog
c:\users\wojnard\documents\zpggameproject\zpgprojectwoj0071\zpgprojectwoj0071\x64\debug\zpgproje.1e99e8ed.tlog\link.command.1.tlog
c:\users\wojnard\documents\zpggameproject\zpgprojectwoj0071\zpgprojectwoj0071\x64\debug\zpgproje.1e99e8ed.tlog\link.read.1.tlog
c:\users\wojnard\documents\zpggameproject\zpgprojectwoj0071\zpgprojectwoj0071\x64\debug\zpgproje.1e99e8ed.tlog\link.secondary.1.tlog
c:\users\wojnard\documents\zpggameproject\zpgprojectwoj0071\zpgprojectwoj0071\x64\debug\zpgproje.1e99e8ed.tlog\link.write.1.tlog
