  ForestScene.cpp
C:\Users\wojnard\Documents\zpgGameProject\zpgProjectWoj0071\zpgProjectWoj0071\Controller.h(47,21): warning C4244: '=': conversion from 'double' to 'float', possible loss of data
  (compiling source file 'ForestScene.cpp')
  
C:\Users\wojnard\Documents\zpgGameProject\zpgProjectWoj0071\zpgProjectWoj0071\Controller.h(48,21): warning C4244: '=': conversion from 'double' to 'float', possible loss of data
  (compiling source file 'ForestScene.cpp')
  
C:\Users\wojnard\Documents\zpgGameProject\zpgProjectWoj0071\zpgProjectWoj0071\Controller.h(51,23): warning C4244: 'initializing': conversion from 'double' to 'float', possible loss of data
  (compiling source file 'ForestScene.cpp')
  
C:\Users\wojnard\Documents\zpgGameProject\zpgProjectWoj0071\zpgProjectWoj0071\Controller.h(52,23): warning C4244: 'initializing': conversion from 'double' to 'float', possible loss of data
  (compiling source file 'ForestScene.cpp')
  
C:\Users\wojnard\Documents\zpgGameProject\zpgProjectWoj0071\zpgProjectWoj0071\Controller.h(53,17): warning C4244: '=': conversion from 'double' to 'float', possible loss of data
  (compiling source file 'ForestScene.cpp')
  
C:\Users\wojnard\Documents\zpgGameProject\zpgProjectWoj0071\zpgProjectWoj0071\Controller.h(54,17): warning C4244: '=': conversion from 'double' to 'float', possible loss of data
  (compiling source file 'ForestScene.cpp')
  
C:\Program Files\Microsoft Visual Studio\2022\Enterprise\VC\Tools\MSVC\14.41.34120\include\xutility(403,82): warning C4244: 'argument': conversion from '_Ty' to 'float', possible loss of data
C:\Program Files\Microsoft Visual Studio\2022\Enterprise\VC\Tools\MSVC\14.41.34120\include\xutility(403,82): warning C4244:         with
C:\Program Files\Microsoft Visual Studio\2022\Enterprise\VC\Tools\MSVC\14.41.34120\include\xutility(403,82): warning C4244:         [
C:\Program Files\Microsoft Visual Studio\2022\Enterprise\VC\Tools\MSVC\14.41.34120\include\xutility(403,82): warning C4244:             _Ty=int
C:\Program Files\Microsoft Visual Studio\2022\Enterprise\VC\Tools\MSVC\14.41.34120\include\xutility(403,82): warning C4244:         ]
  (compiling source file 'ForestScene.cpp')
      C:\Program Files\Microsoft Visual Studio\2022\Enterprise\VC\Tools\MSVC\14.41.34120\include\xutility(403,82):
      the template instantiation context (the oldest one first) is
          C:\Users\wojnard\Documents\zpgGameProject\zpgProjectWoj0071\zpgProjectWoj0071\ForestScene.h(54,48):
          see reference to function template instantiation 'std::shared_ptr<Translate> std::make_shared<Translate,float,int,float>(float &&,int &&,float &&)' being compiled
          C:\Program Files\Microsoft Visual Studio\2022\Enterprise\VC\Tools\MSVC\14.41.34120\include\memory(2906,46):
          see reference to function template instantiation 'std::_Ref_count_obj2<Translate>::_Ref_count_obj2<_Ty,int,_Ty>(_Ty &&,int &&,_Ty &&)' being compiled
          with
          [
              _Ty=float
          ]
          C:\Program Files\Microsoft Visual Studio\2022\Enterprise\VC\Tools\MSVC\14.41.34120\include\memory(2095,18):
          see reference to function template instantiation 'void std::_Construct_in_place<_Ty,float,int,float>(_Ty &,float &&,int &&,float &&) noexcept(false)' being compiled
          with
          [
              _Ty=Translate
          ]
  
C:\Program Files\Microsoft Visual Studio\2022\Enterprise\VC\Tools\MSVC\14.41.34120\include\xutility(403,82): warning C4244: 'argument': conversion from '_Ty' to 'float', possible loss of data
C:\Program Files\Microsoft Visual Studio\2022\Enterprise\VC\Tools\MSVC\14.41.34120\include\xutility(403,82): warning C4244:         with
C:\Program Files\Microsoft Visual Studio\2022\Enterprise\VC\Tools\MSVC\14.41.34120\include\xutility(403,82): warning C4244:         [
C:\Program Files\Microsoft Visual Studio\2022\Enterprise\VC\Tools\MSVC\14.41.34120\include\xutility(403,82): warning C4244:             _Ty=double
C:\Program Files\Microsoft Visual Studio\2022\Enterprise\VC\Tools\MSVC\14.41.34120\include\xutility(403,82): warning C4244:         ]
  (compiling source file 'ForestScene.cpp')
      C:\Program Files\Microsoft Visual Studio\2022\Enterprise\VC\Tools\MSVC\14.41.34120\include\xutility(403,82):
      the template instantiation context (the oldest one first) is
          C:\Users\wojnard\Documents\zpgGameProject\zpgProjectWoj0071\zpgProjectWoj0071\ForestScene.h(60,54):
          see reference to function template instantiation 'std::shared_ptr<BezinCurve> std::make_shared<BezinCurve,glm::mat4&,glm::mat4x3&,double,double>(glm::mat4 &,glm::mat4x3 &,double &&,double &&)' being compiled
          C:\Program Files\Microsoft Visual Studio\2022\Enterprise\VC\Tools\MSVC\14.41.34120\include\memory(2906,46):
          see reference to function template instantiation 'std::_Ref_count_obj2<BezinCurve>::_Ref_count_obj2<glm::mat4&,glm::mat4x3&,_Ty,_Ty>(glm::mat4 &,glm::mat4x3 &,_Ty &&,_Ty &&)' being compiled
          with
          [
              _Ty=double
          ]
          C:\Program Files\Microsoft Visual Studio\2022\Enterprise\VC\Tools\MSVC\14.41.34120\include\memory(2095,18):
          see reference to function template instantiation 'void std::_Construct_in_place<_Ty,glm::mat4&,glm::mat4x3&,double,double>(_Ty &,glm::mat4 &,glm::mat4x3 &,double &&,double &&) noexcept(false)' being compiled
          with
          [
              _Ty=BezinCurve
          ]
  
  SceneFactory.cpp
C:\Users\wojnard\Documents\zpgGameProject\zpgProjectWoj0071\zpgProjectWoj0071\Controller.h(47,21): warning C4244: '=': conversion from 'double' to 'float', possible loss of data
  (compiling source file 'SceneFactory.cpp')
  
C:\Users\wojnard\Documents\zpgGameProject\zpgProjectWoj0071\zpgProjectWoj0071\Controller.h(48,21): warning C4244: '=': conversion from 'double' to 'float', possible loss of data
  (compiling source file 'SceneFactory.cpp')
  
C:\Users\wojnard\Documents\zpgGameProject\zpgProjectWoj0071\zpgProjectWoj0071\Controller.h(51,23): warning C4244: 'initializing': conversion from 'double' to 'float', possible loss of data
  (compiling source file 'SceneFactory.cpp')
  
C:\Users\wojnard\Documents\zpgGameProject\zpgProjectWoj0071\zpgProjectWoj0071\Controller.h(52,23): warning C4244: 'initializing': conversion from 'double' to 'float', possible loss of data
  (compiling source file 'SceneFactory.cpp')
  
C:\Users\wojnard\Documents\zpgGameProject\zpgProjectWoj0071\zpgProjectWoj0071\Controller.h(53,17): warning C4244: '=': conversion from 'double' to 'float', possible loss of data
  (compiling source file 'SceneFactory.cpp')
  
C:\Users\wojnard\Documents\zpgGameProject\zpgProjectWoj0071\zpgProjectWoj0071\Controller.h(54,17): warning C4244: '=': conversion from 'double' to 'float', possible loss of data
  (compiling source file 'SceneFactory.cpp')
  
C:\Users\wojnard\Documents\zpgGameProject\zpgProjectWoj0071\zpgProjectWoj0071\ReflectorScene.h(30,35): warning C4244: 'initializing': conversion from 'float' to 'int', possible loss of data
  (compiling source file 'SceneFactory.cpp')
  
C:\Program Files\Microsoft Visual Studio\2022\Enterprise\VC\Tools\MSVC\14.41.34120\include\xutility(403,82): warning C4244: 'argument': conversion from '_Ty' to 'float', possible loss of data
C:\Program Files\Microsoft Visual Studio\2022\Enterprise\VC\Tools\MSVC\14.41.34120\include\xutility(403,82): warning C4244:         with
C:\Program Files\Microsoft Visual Studio\2022\Enterprise\VC\Tools\MSVC\14.41.34120\include\xutility(403,82): warning C4244:         [
C:\Program Files\Microsoft Visual Studio\2022\Enterprise\VC\Tools\MSVC\14.41.34120\include\xutility(403,82): warning C4244:             _Ty=int
C:\Program Files\Microsoft Visual Studio\2022\Enterprise\VC\Tools\MSVC\14.41.34120\include\xutility(403,82): warning C4244:         ]
  (compiling source file 'SceneFactory.cpp')
      C:\Program Files\Microsoft Visual Studio\2022\Enterprise\VC\Tools\MSVC\14.41.34120\include\xutility(403,82):
      the template instantiation context (the oldest one first) is
          C:\Users\wojnard\Documents\zpgGameProject\zpgProjectWoj0071\zpgProjectWoj0071\TriangleScene.h(20,44):
          see reference to function template instantiation 'std::shared_ptr<Scale> std::make_shared<Scale,int,int,int>(int &&,int &&,int &&)' being compiled
          C:\Program Files\Microsoft Visual Studio\2022\Enterprise\VC\Tools\MSVC\14.41.34120\include\memory(2906,46):
          see reference to function template instantiation 'std::_Ref_count_obj2<Scale>::_Ref_count_obj2<_Ty,_Ty,_Ty>(_Ty &&,_Ty &&,_Ty &&)' being compiled
          with
          [
              _Ty=int
          ]
          C:\Program Files\Microsoft Visual Studio\2022\Enterprise\VC\Tools\MSVC\14.41.34120\include\memory(2095,18):
          see reference to function template instantiation 'void std::_Construct_in_place<_Ty,int,int,int>(_Ty &,int &&,int &&,int &&) noexcept(false)' being compiled
          with
          [
              _Ty=Scale
          ]
  
C:\Program Files\Microsoft Visual Studio\2022\Enterprise\VC\Tools\MSVC\14.41.34120\include\xutility(403,82): warning C4244: 'argument': conversion from '_Ty' to 'float', possible loss of data
C:\Program Files\Microsoft Visual Studio\2022\Enterprise\VC\Tools\MSVC\14.41.34120\include\xutility(403,82): warning C4244:         with
C:\Program Files\Microsoft Visual Studio\2022\Enterprise\VC\Tools\MSVC\14.41.34120\include\xutility(403,82): warning C4244:         [
C:\Program Files\Microsoft Visual Studio\2022\Enterprise\VC\Tools\MSVC\14.41.34120\include\xutility(403,82): warning C4244:             _Ty=double
C:\Program Files\Microsoft Visual Studio\2022\Enterprise\VC\Tools\MSVC\14.41.34120\include\xutility(403,82): warning C4244:         ]
  (compiling source file 'SceneFactory.cpp')
      C:\Program Files\Microsoft Visual Studio\2022\Enterprise\VC\Tools\MSVC\14.41.34120\include\xutility(403,82):
      the template instantiation context (the oldest one first) is
          C:\Users\wojnard\Documents\zpgGameProject\zpgProjectWoj0071\zpgProjectWoj0071\ForestScene.h(60,54):
          see reference to function template instantiation 'std::shared_ptr<BezinCurve> std::make_shared<BezinCurve,glm::mat4&,glm::mat4x3&,double,double>(glm::mat4 &,glm::mat4x3 &,double &&,double &&)' being compiled
          C:\Program Files\Microsoft Visual Studio\2022\Enterprise\VC\Tools\MSVC\14.41.34120\include\memory(2906,46):
          see reference to function template instantiation 'std::_Ref_count_obj2<BezinCurve>::_Ref_count_obj2<glm::mat4&,glm::mat4x3&,_Ty,_Ty>(glm::mat4 &,glm::mat4x3 &,_Ty &&,_Ty &&)' being compiled
          with
          [
              _Ty=double
          ]
          C:\Program Files\Microsoft Visual Studio\2022\Enterprise\VC\Tools\MSVC\14.41.34120\include\memory(2095,18):
          see reference to function template instantiation 'void std::_Construct_in_place<_Ty,glm::mat4&,glm::mat4x3&,double,double>(_Ty &,glm::mat4 &,glm::mat4x3 &,double &&,double &&) noexcept(false)' being compiled
          with
          [
              _Ty=BezinCurve
          ]
  
C:\Program Files\Microsoft Visual Studio\2022\Enterprise\VC\Tools\MSVC\14.41.34120\include\xutility(403,82): warning C4244: 'argument': conversion from 'int' to 'float', possible loss of data
  (compiling source file 'SceneFactory.cpp')
      C:\Program Files\Microsoft Visual Studio\2022\Enterprise\VC\Tools\MSVC\14.41.34120\include\xutility(403,82):
      the template instantiation context (the oldest one first) is
          C:\Users\wojnard\Documents\zpgGameProject\zpgProjectWoj0071\zpgProjectWoj0071\ReflectorScene.h(32,42):
          see reference to function template instantiation 'std::shared_ptr<Rotate> std::make_shared<Rotate,int&,float,float,float>(int &,float &&,float &&,float &&)' being compiled
          C:\Program Files\Microsoft Visual Studio\2022\Enterprise\VC\Tools\MSVC\14.41.34120\include\memory(2906,46):
          see reference to function template instantiation 'std::_Ref_count_obj2<Rotate>::_Ref_count_obj2<int&,_Ty,_Ty,_Ty>(int &,_Ty &&,_Ty &&,_Ty &&)' being compiled
          with
          [
              _Ty=float
          ]
          C:\Program Files\Microsoft Visual Studio\2022\Enterprise\VC\Tools\MSVC\14.41.34120\include\memory(2095,18):
          see reference to function template instantiation 'void std::_Construct_in_place<_Ty,int&,float,float,float>(_Ty &,int &,float &&,float &&,float &&) noexcept(false)' being compiled
          with
          [
              _Ty=Rotate
          ]
  
  Generating Code...
  SOIL.lib(SOIL.obj) : MSIL .netmodule or module compiled with /GL found; restarting link with /LTCG; add /LTCG to the link command line to improve linker performance
LINK : warning LNK4075: ignoring '/INCREMENTAL' due to '/LTCG' specification
LINK : warning LNK4098: defaultlib 'MSVCRT' conflicts with use of other libs; use /NODEFAULTLIB:library
  Generating code
  Finished generating code
SOIL.lib(SOIL.obj) : warning LNK4099: PDB '' was not found with 'SOIL.lib(SOIL.obj)' or at ''; linking object as if no debug info
SOIL.lib(stb_image_aug.obj) : warning LNK4099: PDB '' was not found with 'SOIL.lib(stb_image_aug.obj)' or at ''; linking object as if no debug info
SOIL.lib(image_helper.obj) : warning LNK4099: PDB '' was not found with 'SOIL.lib(image_helper.obj)' or at ''; linking object as if no debug info
SOIL.lib(image_DXT.obj) : warning LNK4099: PDB '' was not found with 'SOIL.lib(image_DXT.obj)' or at ''; linking object as if no debug info
  zpgProjectWoj0071.vcxproj -> C:\Users\wojnard\Documents\zpgGameProject\zpgProjectWoj0071\x64\Debug\zpgProjectWoj0071.exe
